<?xml version="1.0" encoding="UTF-8"?>
<!-- Generated by org.testng.reporters.JUnitReportReporter -->
<testsuite hostname="ambadas-PC" name="com.Automation.Demo" tests="1" failures="0" timestamp="10 Jul 2016 17:28:51 GMT" time="0.079" errors="0">
  <testcase name="f" time="0.079" classname="com.Automation.Demo"/>
</testsuite> <!-- com.Automation.Demo -->
