<?xml version="1.0" encoding="UTF-8"?>
<!-- Generated by org.testng.reporters.JUnitReportReporter -->
<testsuite skipped="0" hostname="DELL" name="com.Automation.MainTest" tests="1" failures="0" timestamp="27 Apr 2017 18:12:01 GMT" time="7.844" errors="0">
  <testcase name="run" time="7.844" classname="com.Automation.MainTest"/>
</testsuite> <!-- com.Automation.MainTest -->
